\BOOKMARK [1][-]{section.1}{Descripci\363n General}{}% 1
\BOOKMARK [1][-]{section.2}{Configuraci\363n del Entorno de Laboratorio}{}% 2
\BOOKMARK [2][-]{subsection.2.1}{Configuraci\363n DNS}{section.2}% 3
\BOOKMARK [2][-]{subsection.2.2}{Setup del Contenedor y sus Comandos}{section.2}% 4
\BOOKMARK [2][-]{subsection.2.3}{Aplicaci\363n Web Elgg}{section.2}% 5
\BOOKMARK [1][-]{section.3}{Tareas del Laboratorio}{}% 6
\BOOKMARK [2][-]{subsection.3.1}{Preparaci\363n: Breve Introducci\363n a "HTTP Header Live"}{section.3}% 7
\BOOKMARK [2][-]{subsection.3.2}{Tarea 1: Posteando un Mensaje Malicioso que abre una Ventana de Alerta}{section.3}% 8
\BOOKMARK [2][-]{subsection.3.3}{Tarea 2: Posteando un Mensaje Malicioso para Mostrar las Cookies}{section.3}% 9
\BOOKMARK [2][-]{subsection.3.4}{Tarea 3: Robar las Cookies de la V\355ctima}{section.3}% 10
\BOOKMARK [2][-]{subsection.3.5}{Tarea 4: Convertirse en Amigo de la V\355ctima}{section.3}% 11
\BOOKMARK [2][-]{subsection.3.6}{Tarea 5: Modificando el perfil de la V\355ctima}{section.3}% 12
\BOOKMARK [2][-]{subsection.3.7}{Tarea 6: Escribiendo un Gusano XSS Auto-Propagable}{section.3}% 13
\BOOKMARK [2][-]{subsection.3.8}{Contramedidas en Elgg}{section.3}% 14
\BOOKMARK [1][-]{section.4}{Tarea 7: Evitando Ataques XSS Usando CSP}{}% 15
\BOOKMARK [2][-]{subsection.4.1}{Configuraci\363n de los Sitios Web del Experimento}{section.4}% 16
\BOOKMARK [2][-]{subsection.4.2}{La P\341gina Web para el Experimento}{section.4}% 17
\BOOKMARK [2][-]{subsection.4.3}{Estableciendo Pol\355ticas CSP}{section.4}% 18
\BOOKMARK [2][-]{subsection.4.4}{Tareas del Laboratorio}{section.4}% 19
\BOOKMARK [1][-]{section.5}{guidelines}{}% 20
\BOOKMARK [2][-]{subsection.5.1}{Usando "HTTP Header Live" para inspeccionar Headers HTTP}{section.5}% 21
\BOOKMARK [2][-]{subsection.5.2}{Usando Web Developer Tool para inspeccionar Headers HTTP}{section.5}% 22
\BOOKMARK [2][-]{subsection.5.3}{Debugueando JavaScript}{section.5}% 23
\BOOKMARK [1][-]{section.6}{Informe}{}% 24
